2017-10-05 13:19:44 [main] INFO fr.qp1c.ebdj.Launcher - [DEBUT] Démarrage de l'application E-BDJ.
2017-10-05 13:19:44 [JavaFX Application Thread] INFO fr.qp1c.ebdj.Launcher - [DEBUT] Start
2017-10-05 13:19:45 [JavaFX Application Thread] INFO f.q.e.c.home.HomeController - [DEBUT] Initialisation du panneau home.
2017-10-05 13:19:45 [JavaFX Application Thread] INFO f.q.e.c.home.HomeController - [FIN] Initialisation du panneau home.
2017-10-05 13:19:46 [JavaFX Application Thread] INFO f.q.e.c.jeu.TypePartieController - [DEBUT] Initialisation du panneau quitter la partie.
2017-10-05 13:19:46 [JavaFX Application Thread] ERROR f.q.e.c.jeu.TypePartieController - Une erreur s'est produite :
javafx.fxml.LoadException: 
/home/ngendron/git/ebdj-liseuse/module/ebdj-ihm/target/classes/view/jeu/phase/NPGView.fxml:143

	at javafx.fxml.FXMLLoader.constructLoadException(FXMLLoader.java:2601) [jfxrt.jar:na]
	at javafx.fxml.FXMLLoader.loadImpl(FXMLLoader.java:2579) [jfxrt.jar:na]
	at javafx.fxml.FXMLLoader.loadImpl(FXMLLoader.java:2441) [jfxrt.jar:na]
	at javafx.fxml.FXMLLoader.load(FXMLLoader.java:2409) [jfxrt.jar:na]
	at fr.qp1c.ebdj.controller.jeu.TypePartieController.initialiser9PG(TypePartieController.java:132) [classes/:na]
	at fr.qp1c.ebdj.controller.jeu.TypePartieController.initialiser(TypePartieController.java:110) [classes/:na]
	at fr.qp1c.ebdj.controller.jeu.TypePartieController.initialize(TypePartieController.java:99) [classes/:na]
	at sun.reflect.NativeMethodAccessorImpl.invoke0(Native Method) ~[na:1.8.0_144]
	at sun.reflect.NativeMethodAccessorImpl.invoke(NativeMethodAccessorImpl.java:62) ~[na:1.8.0_144]
	at sun.reflect.DelegatingMethodAccessorImpl.invoke(DelegatingMethodAccessorImpl.java:43) ~[na:1.8.0_144]
	at java.lang.reflect.Method.invoke(Method.java:498) ~[na:1.8.0_144]
	at sun.reflect.misc.Trampoline.invoke(MethodUtil.java:71) [na:1.8.0_144]
	at sun.reflect.GeneratedMethodAccessor1.invoke(Unknown Source) ~[na:na]
	at sun.reflect.DelegatingMethodAccessorImpl.invoke(DelegatingMethodAccessorImpl.java:43) ~[na:1.8.0_144]
	at java.lang.reflect.Method.invoke(Method.java:498) ~[na:1.8.0_144]
	at sun.reflect.misc.MethodUtil.invoke(MethodUtil.java:275) [na:1.8.0_144]
	at javafx.fxml.FXMLLoader.loadImpl(FXMLLoader.java:2566) [jfxrt.jar:na]
	at javafx.fxml.FXMLLoader.loadImpl(FXMLLoader.java:2441) [jfxrt.jar:na]
	at javafx.fxml.FXMLLoader.load(FXMLLoader.java:2409) [jfxrt.jar:na]
	at fr.qp1c.ebdj.Launcher.initialiserEcranQuestions(Launcher.java:145) [classes/:na]
	at fr.qp1c.ebdj.Launcher.initialiserEcrans(Launcher.java:106) [classes/:na]
	at fr.qp1c.ebdj.Launcher.start(Launcher.java:71) [classes/:na]
	at com.sun.javafx.application.LauncherImpl.lambda$launchApplication1$162(LauncherImpl.java:863) [jfxrt.jar:na]
	at com.sun.javafx.application.PlatformImpl.lambda$runAndWait$175(PlatformImpl.java:326) ~[jfxrt.jar:na]
	at com.sun.javafx.application.PlatformImpl.lambda$null$173(PlatformImpl.java:295) ~[jfxrt.jar:na]
	at java.security.AccessController.doPrivileged(Native Method) ~[na:1.8.0_144]
	at com.sun.javafx.application.PlatformImpl.lambda$runLater$174(PlatformImpl.java:294) ~[jfxrt.jar:na]
	at com.sun.glass.ui.InvokeLaterDispatcher$Future.run(InvokeLaterDispatcher.java:95) ~[jfxrt.jar:na]
	at com.sun.glass.ui.gtk.GtkApplication._runLoop(Native Method) ~[jfxrt.jar:na]
	at com.sun.glass.ui.gtk.GtkApplication.lambda$null$49(GtkApplication.java:139) ~[jfxrt.jar:na]
	at java.lang.Thread.run(Thread.java:748) ~[na:1.8.0_144]
Caused by: com.sun.javafx.fxml.PropertyNotFoundException: Static property "margin" does not exist or is read-only.
	at com.sun.javafx.fxml.BeanAdapter.put(BeanAdapter.java:596) ~[jfxrt.jar:na]
	at javafx.fxml.FXMLLoader$PropertyElement.set(FXMLLoader.java:1420) ~[jfxrt.jar:na]
	at javafx.fxml.FXMLLoader$ValueElement.processEndElement(FXMLLoader.java:790) ~[jfxrt.jar:na]
	at javafx.fxml.FXMLLoader.processEndElement(FXMLLoader.java:2823) [jfxrt.jar:na]
	at javafx.fxml.FXMLLoader.loadImpl(FXMLLoader.java:2532) [jfxrt.jar:na]
	... 29 common frames omitted
2017-10-05 13:20:12 [JavaFX Application Thread] INFO f.q.e.c.jeu.phase.QALSController - [DEBUT] Reinitialisation du panneau 4ALS.
2017-10-05 13:20:12 [JavaFX Application Thread] ERROR f.q.e.c.jeu.TypePartieController - Une erreur s'est produite :
javafx.fxml.LoadException: 
/home/ngendron/git/ebdj-liseuse/module/ebdj-ihm/target/classes/view/jeu/phase/4ALSView.fxml

	at javafx.fxml.FXMLLoader.constructLoadException(FXMLLoader.java:2601) [jfxrt.jar:na]
	at javafx.fxml.FXMLLoader.loadImpl(FXMLLoader.java:2571) [jfxrt.jar:na]
	at javafx.fxml.FXMLLoader.loadImpl(FXMLLoader.java:2441) [jfxrt.jar:na]
	at javafx.fxml.FXMLLoader.load(FXMLLoader.java:2409) [jfxrt.jar:na]
	at fr.qp1c.ebdj.controller.jeu.TypePartieController.initialiser4ALS(TypePartieController.java:143) [classes/:na]
	at fr.qp1c.ebdj.controller.jeu.TypePartieController.initialiser(TypePartieController.java:111) [classes/:na]
	at fr.qp1c.ebdj.controller.jeu.TypePartieController.initialize(TypePartieController.java:99) [classes/:na]
	at sun.reflect.NativeMethodAccessorImpl.invoke0(Native Method) ~[na:1.8.0_144]
	at sun.reflect.NativeMethodAccessorImpl.invoke(NativeMethodAccessorImpl.java:62) ~[na:1.8.0_144]
	at sun.reflect.DelegatingMethodAccessorImpl.invoke(DelegatingMethodAccessorImpl.java:43) ~[na:1.8.0_144]
	at java.lang.reflect.Method.invoke(Method.java:498) ~[na:1.8.0_144]
	at sun.reflect.misc.Trampoline.invoke(MethodUtil.java:71) [na:1.8.0_144]
	at sun.reflect.GeneratedMethodAccessor1.invoke(Unknown Source) ~[na:na]
	at sun.reflect.DelegatingMethodAccessorImpl.invoke(DelegatingMethodAccessorImpl.java:43) ~[na:1.8.0_144]
	at java.lang.reflect.Method.invoke(Method.java:498) ~[na:1.8.0_144]
	at sun.reflect.misc.MethodUtil.invoke(MethodUtil.java:275) [na:1.8.0_144]
	at javafx.fxml.FXMLLoader.loadImpl(FXMLLoader.java:2566) [jfxrt.jar:na]
	at javafx.fxml.FXMLLoader.loadImpl(FXMLLoader.java:2441) [jfxrt.jar:na]
	at javafx.fxml.FXMLLoader.load(FXMLLoader.java:2409) [jfxrt.jar:na]
	at fr.qp1c.ebdj.Launcher.initialiserEcranQuestions(Launcher.java:145) [classes/:na]
	at fr.qp1c.ebdj.Launcher.initialiserEcrans(Launcher.java:106) [classes/:na]
	at fr.qp1c.ebdj.Launcher.start(Launcher.java:71) [classes/:na]
	at com.sun.javafx.application.LauncherImpl.lambda$launchApplication1$162(LauncherImpl.java:863) [jfxrt.jar:na]
	at com.sun.javafx.application.PlatformImpl.lambda$runAndWait$175(PlatformImpl.java:326) ~[jfxrt.jar:na]
	at com.sun.javafx.application.PlatformImpl.lambda$null$173(PlatformImpl.java:295) ~[jfxrt.jar:na]
	at java.security.AccessController.doPrivileged(Native Method) ~[na:1.8.0_144]
	at com.sun.javafx.application.PlatformImpl.lambda$runLater$174(PlatformImpl.java:294) ~[jfxrt.jar:na]
	at com.sun.glass.ui.InvokeLaterDispatcher$Future.run(InvokeLaterDispatcher.java:95) ~[jfxrt.jar:na]
	at com.sun.glass.ui.gtk.GtkApplication._runLoop(Native Method) ~[jfxrt.jar:na]
	at com.sun.glass.ui.gtk.GtkApplication.lambda$null$49(GtkApplication.java:139) ~[jfxrt.jar:na]
	at java.lang.Thread.run(Thread.java:748) ~[na:1.8.0_144]
Caused by: java.lang.reflect.InvocationTargetException: null
	at sun.reflect.NativeMethodAccessorImpl.invoke0(Native Method) ~[na:1.8.0_144]
	at sun.reflect.NativeMethodAccessorImpl.invoke(NativeMethodAccessorImpl.java:62) ~[na:1.8.0_144]
	at sun.reflect.DelegatingMethodAccessorImpl.invoke(DelegatingMethodAccessorImpl.java:43) ~[na:1.8.0_144]
	at java.lang.reflect.Method.invoke(Method.java:498) ~[na:1.8.0_144]
	at sun.reflect.misc.Trampoline.invoke(MethodUtil.java:71) [na:1.8.0_144]
	at sun.reflect.GeneratedMethodAccessor1.invoke(Unknown Source) ~[na:na]
	at sun.reflect.DelegatingMethodAccessorImpl.invoke(DelegatingMethodAccessorImpl.java:43) ~[na:1.8.0_144]
	at java.lang.reflect.Method.invoke(Method.java:498) ~[na:1.8.0_144]
	at sun.reflect.misc.MethodUtil.invoke(MethodUtil.java:275) [na:1.8.0_144]
	at javafx.fxml.FXMLLoader.loadImpl(FXMLLoader.java:2566) [jfxrt.jar:na]
	... 29 common frames omitted
Caused by: java.lang.NullPointerException: null
	at fr.qp1c.ebdj.controller.jeu.phase.QALSController.reinitialiser(QALSController.java:98) ~[classes/:na]
	at fr.qp1c.ebdj.controller.jeu.phase.QALSController.initialize(QALSController.java:80) ~[classes/:na]
	... 39 common frames omitted
2017-10-05 13:20:13 [JavaFX Application Thread] INFO f.q.e.c.jeu.phase.JDController - [DEBUT] Initialisation du panneau JD.
2017-10-05 13:20:13 [JavaFX Application Thread] INFO f.q.e.c.jeu.phase.JDController - [DEBUT] Reinitialisation du panneau JD.
2017-10-05 13:20:13 [JavaFX Application Thread] DEBUG f.q.e.m.loader.LoaderQuestionJD - [DEBUT] Chargement des questions de JD.
2017-10-05 13:20:13 [JavaFX Application Thread] DEBUG f.q.e.m.d.i.DBConnecteurJDDaoImpl - SELECT id,question,reponse,theme,reference,version,club,dateReception FROM QUESTION_JD Q_JD WHERE NOT EXISTS(SELECT * FROM QUESTION_JD_LECTURE Q_JD_J WHERE Q_JD.reference=Q_JD_J.reference) LIMIT 10;
2017-10-05 13:20:13 [JavaFX Application Thread] DEBUG f.q.ebdj.moteur.utils.db.DBManager - Chemin correspondant à la base de données : /home/ngendron/git/ebdj-liseuse/module/ebdj-ihm/.
2017-10-05 13:20:13 [JavaFX Application Thread] DEBUG f.q.ebdj.moteur.utils.db.DBManager - Connexion  avec succès à la base de données jdbc:sqlite:/home/ngendron/git/ebdj-liseuse/module/ebdj-ihm/./db/QP1C-EBDJ.sqlite
2017-10-05 13:20:13 [JavaFX Application Thread] DEBUG f.q.e.m.d.i.DBConnecteurJDDaoImpl - Question : Pointe de vitesse, accélération soudaine produite sur une courte distance par un coureur au cours ou à l’approche de l’arrivée d’une épreuve de course à pied ou cycliste, je suis désigné par un anglicisme tiré d’un verbe qui signifie se précipiter. Je suis... - LE SPRINT - 2 - 7 - Que suis-je ? - 177 - ISSOUDUN - 03/08/2017
2017-10-05 13:20:13 [JavaFX Application Thread] DEBUG f.q.e.m.d.i.DBConnecteurJDDaoImpl - Question : Etat d'asservissement et d'exploitation d'une personne par une autre, j'ai été pratiqué en tous lieux et de tous temps depuis l'Antiquité et notamment en Amérique avec la traite des noirs avant d'être aboli en France en 1848 et condamné par la Déclaration universelle des droits de l'homme de 1948. Je suis... - L'ESCLAVAGE - 2 - 8 - Que suis-je ? - 178 - ISSOUDUN - 03/08/2017
2017-10-05 13:20:13 [JavaFX Application Thread] DEBUG f.q.e.m.d.i.DBConnecteurJDDaoImpl - Question : Arbre de la famille des rosacées originaire des régions tempérées d'Europe et d'Asie, mon bois est recherché pour l'ébénisterie et la sculpture mais je suis surtout cultivé pour mes fruits piriformes dont les nombreuses variétés sont, entre autres, les « comice », « conférence » ou « williams ». Je suis... - LE POIRIER - 2 - 9 - Que suis-je ? - 179 - ISSOUDUN - 03/08/2017
2017-10-05 13:20:13 [JavaFX Application Thread] DEBUG f.q.e.m.d.i.DBConnecteurJDDaoImpl - Question : Au sens premier, je suis l'ensemble de la correspondance reçue et envoyée par quelqu'un et qui, avec Internet, peut désormais être électronique. Mais je désigne également la rubrique spécialisée d'un journal et, précédé des adjectifs court, moyen ou long, je m'applique aux avions de ligne. Je suis... - <div>LE COURRIER</div> - 2 - 10 - Que suis-je ? - 180 - ISSOUDUN - 03/08/2017
2017-10-05 13:20:13 [JavaFX Application Thread] DEBUG f.q.e.m.d.i.DBConnecteurJDDaoImpl - Question : Personnage de fiction prénommé François, capitaine de dragons, homme de confiance du roi Venceslas, docteur en pataphysique, j'accède au trône d'une Pologne imaginaire et suis le héros des pièces du cycle théâtral que m'a consacré Alfred Jarry. Je suis... - UBU - 2 - 11 - Qui suis-je ? - 181 - ISSOUDUN - 03/08/2017
2017-10-05 13:20:13 [JavaFX Application Thread] DEBUG f.q.e.m.d.i.DBConnecteurJDDaoImpl - Question : Confiserie à base de sucre, de poudre d'amandes, d'orange et de melon confits, recouvert d'un glaçage à l'œuf, je me présente sous la forme d'un petit losange et suis, depuis le 15ème siècle, une spécialité très appréciée de la ville d'Aix-en-Provence. Je suis... - LE CALISSON - 2 - 12 - Que suis-je ? - 182 - ISSOUDUN - 03/08/2017
2017-10-05 13:20:13 [JavaFX Application Thread] DEBUG f.q.e.m.d.i.DBConnecteurJDDaoImpl - Question : Sport dont la première épreuve eut lieu en1868 dans le parc de Saint-Cloud, je me pratique sur piste, en cross sur un parcours accidenté ou sur route sur un engin mécanique à deux roues propulsé à la force des jambes au moyen d'un pédalier. Mes champions sont Anquetil, Mercks, Hinault. Je suis... - LE CYCLISME - 2 - 13 - Que suis-je ? - 183 - ISSOUDUN - 03/08/2017
2017-10-05 13:20:13 [JavaFX Application Thread] DEBUG f.q.e.m.d.i.DBConnecteurJDDaoImpl - Question : Pratique commerciale ou sociale désignée par un terme anglo-américain, je consiste à vendre des produits à un prix inférieur à celui du marché du fait d’une commercialisation en dessous du prix de revient ou d’un faible coût de la main-d’œuvre employée à la fabrication. Je suis... - LE DUMPING - 2 - 14 - Que suis-je ? - 184 - ISSOUDUN - 03/08/2017
2017-10-05 13:20:13 [JavaFX Application Thread] DEBUG f.q.e.m.d.i.DBConnecteurJDDaoImpl - Question : Personne pratiquant la détection des objets ou des maladies, j’exerce mes talents au moyen d’une baguette ou d’un pendule dont les mouvements oscillatoires ou rotatifs traduisent la sensibilité à des rayonnements émis par les sujets ou les objets ainsi traités. Je suis... - UN RADIESTHÉSISTE - 2 - 15 - Que suis-je ? - 185 - ISSOUDUN - 03/08/2017
2017-10-05 13:20:13 [JavaFX Application Thread] DEBUG f.q.e.m.d.i.DBConnecteurJDDaoImpl - Question : Gaz rare de l’atmosphère identifié par le chimiste britannique Ramsay en 1898, je suis obtenu de façon industrielle par distillation fractionnée de l’air liquide à basse température et utilisé dans la fabrication d’ampoules électriques à incandescence. Mon numéro atomique est 36 et mon symbole Kr. Je suis... - LE KRYPTON - 2 - 16 - Que suis-je ? - 186 - ISSOUDUN - 03/08/2017
2017-10-05 13:20:13 [JavaFX Application Thread] DEBUG f.q.e.m.loader.LoaderQuestionJD - [FIN] Chargement des questions de JD.
2017-10-05 13:20:13 [JavaFX Application Thread] INFO f.q.e.c.jeu.phase.JDController - [DEBUT] Modifier la taille.
2017-10-05 13:20:13 [JavaFX Application Thread] INFO f.q.e.c.jeu.phase.JDController - [DEBUT] Définir taille carton.
2017-10-05 13:20:13 [JavaFX Application Thread] INFO f.q.e.c.jeu.phase.JDController - [FIN] Définir taille carton.
2017-10-05 13:20:13 [JavaFX Application Thread] INFO f.q.e.c.jeu.phase.JDController - [FIN] Modifier la taille.
2017-10-05 13:20:13 [JavaFX Application Thread] INFO f.q.e.c.jeu.phase.JDController - [FIN] Reinitialisation du panneau JD.
2017-10-05 13:20:13 [JavaFX Application Thread] INFO f.q.e.c.jeu.phase.JDController - [FIN] Initialisation du panneau JD.
2017-10-05 13:20:13 [JavaFX Application Thread] INFO f.q.e.c.jeu.phase.FAFController - [DEBUT] Initialisation du panneau FAF.
2017-10-05 13:20:13 [JavaFX Application Thread] INFO f.q.e.c.jeu.phase.FAFController - [DEBUT] Modifier la taille.
2017-10-05 13:20:13 [JavaFX Application Thread] INFO f.q.e.c.jeu.phase.FAFController - [DEBUT] Définir taille carton.
2017-10-05 13:20:13 [JavaFX Application Thread] INFO f.q.e.c.jeu.phase.FAFController - [FIN] Définir taille carton.
2017-10-05 13:20:13 [JavaFX Application Thread] INFO f.q.e.c.jeu.phase.FAFController - [FIN] Modifier la taille.
2017-10-05 13:20:13 [JavaFX Application Thread] INFO f.q.e.c.jeu.phase.FAFController - [FIN] Initialisation du panneau FAF.
2017-10-05 13:20:13 [JavaFX Application Thread] INFO f.q.e.c.jeu.TypePartieController - [FIN] Initialisation du panneau quitter la partie.
2017-10-05 13:20:14 [JavaFX Application Thread] INFO f.q.e.c.s.StatistiquesController - [DEBUT] Initialisation du panneau stats.
2017-10-05 13:20:14 [JavaFX Application Thread] INFO f.q.e.c.s.StatistiquesController - [DEBUT] Réactualisation des données.
2017-10-05 13:20:14 [JavaFX Application Thread] INFO f.q.e.c.s.StatistiquesController - [DEBUT] Réactualisation du contenu du tableau stock synthese.
2017-10-05 13:20:14 [JavaFX Application Thread] INFO f.q.e.m.s.i.SynchronisationJDServiceImpl - [DEBUT] calculerStatistique
2017-10-05 13:20:14 [JavaFX Application Thread] DEBUG f.q.ebdj.moteur.utils.db.DBManager - Chemin correspondant à la base de données : /home/ngendron/git/ebdj-liseuse/module/ebdj-ihm/.
2017-10-05 13:20:14 [JavaFX Application Thread] DEBUG f.q.ebdj.moteur.utils.db.DBManager - Connexion  avec succès à la base de données jdbc:sqlite:/home/ngendron/git/ebdj-liseuse/module/ebdj-ihm/./db/QP1C-EBDJ.sqlite
2017-10-05 13:20:14 [JavaFX Application Thread] DEBUG f.q.ebdj.moteur.utils.db.DBManager - Chemin correspondant à la base de données : /home/ngendron/git/ebdj-liseuse/module/ebdj-ihm/.
2017-10-05 13:20:14 [JavaFX Application Thread] DEBUG f.q.ebdj.moteur.utils.db.DBManager - Connexion  avec succès à la base de données jdbc:sqlite:/home/ngendron/git/ebdj-liseuse/module/ebdj-ihm/./db/QP1C-EBDJ.sqlite
2017-10-05 13:20:14 [JavaFX Application Thread] DEBUG f.q.e.m.s.i.SynchronisationJDServiceImpl - nbQuestionsTotal=2909, nbQuestionsJouees=16
2017-10-05 13:20:14 [JavaFX Application Thread] DEBUG f.q.ebdj.moteur.utils.db.DBManager - Chemin correspondant à la base de données : /home/ngendron/git/ebdj-liseuse/module/ebdj-ihm/.
2017-10-05 13:20:14 [JavaFX Application Thread] DEBUG f.q.ebdj.moteur.utils.db.DBManager - Connexion  avec succès à la base de données jdbc:sqlite:/home/ngendron/git/ebdj-liseuse/module/ebdj-ihm/./db/QP1C-EBDJ.sqlite
2017-10-05 13:20:14 [JavaFX Application Thread] DEBUG f.q.ebdj.moteur.utils.db.DBManager - Chemin correspondant à la base de données : /home/ngendron/git/ebdj-liseuse/module/ebdj-ihm/.
2017-10-05 13:20:14 [JavaFX Application Thread] DEBUG f.q.ebdj.moteur.utils.db.DBManager - Connexion  avec succès à la base de données jdbc:sqlite:/home/ngendron/git/ebdj-liseuse/module/ebdj-ihm/./db/QP1C-EBDJ.sqlite
2017-10-05 13:20:14 [JavaFX Application Thread] DEBUG f.q.e.m.s.i.SynchronisationJDServiceImpl - nbQuestionsTotal=3134, nbQuestionsJouees=5
2017-10-05 13:20:14 [JavaFX Application Thread] DEBUG f.q.ebdj.moteur.utils.db.DBManager - Chemin correspondant à la base de données : /home/ngendron/git/ebdj-liseuse/module/ebdj-ihm/.
2017-10-05 13:20:14 [JavaFX Application Thread] DEBUG f.q.ebdj.moteur.utils.db.DBManager - Connexion  avec succès à la base de données jdbc:sqlite:/home/ngendron/git/ebdj-liseuse/module/ebdj-ihm/./db/QP1C-EBDJ.sqlite
2017-10-05 13:20:14 [JavaFX Application Thread] DEBUG f.q.ebdj.moteur.utils.db.DBManager - Chemin correspondant à la base de données : /home/ngendron/git/ebdj-liseuse/module/ebdj-ihm/.
2017-10-05 13:20:14 [JavaFX Application Thread] DEBUG f.q.ebdj.moteur.utils.db.DBManager - Connexion  avec succès à la base de données jdbc:sqlite:/home/ngendron/git/ebdj-liseuse/module/ebdj-ihm/./db/QP1C-EBDJ.sqlite
2017-10-05 13:20:14 [JavaFX Application Thread] DEBUG f.q.e.m.s.i.SynchronisationJDServiceImpl - nbQuestionsTotal=2469, nbQuestionsJouees=2
2017-10-05 13:20:14 [JavaFX Application Thread] DEBUG f.q.ebdj.moteur.utils.db.DBManager - Chemin correspondant à la base de données : /home/ngendron/git/ebdj-liseuse/module/ebdj-ihm/.
2017-10-05 13:20:14 [JavaFX Application Thread] DEBUG f.q.ebdj.moteur.utils.db.DBManager - Connexion  avec succès à la base de données jdbc:sqlite:/home/ngendron/git/ebdj-liseuse/module/ebdj-ihm/./db/QP1C-EBDJ.sqlite
2017-10-05 13:20:14 [JavaFX Application Thread] DEBUG f.q.ebdj.moteur.utils.db.DBManager - Chemin correspondant à la base de données : /home/ngendron/git/ebdj-liseuse/module/ebdj-ihm/.
2017-10-05 13:20:14 [JavaFX Application Thread] DEBUG f.q.ebdj.moteur.utils.db.DBManager - Connexion  avec succès à la base de données jdbc:sqlite:/home/ngendron/git/ebdj-liseuse/module/ebdj-ihm/./db/QP1C-EBDJ.sqlite
2017-10-05 13:20:14 [JavaFX Application Thread] DEBUG f.q.e.m.s.i.SynchronisationJDServiceImpl - nbQuestionsTotal=0, nbQuestionsJouees=0
2017-10-05 13:20:14 [JavaFX Application Thread] DEBUG f.q.ebdj.moteur.utils.db.DBManager - Chemin correspondant à la base de données : /home/ngendron/git/ebdj-liseuse/module/ebdj-ihm/.
2017-10-05 13:20:14 [JavaFX Application Thread] DEBUG f.q.ebdj.moteur.utils.db.DBManager - Connexion  avec succès à la base de données jdbc:sqlite:/home/ngendron/git/ebdj-liseuse/module/ebdj-ihm/./db/QP1C-EBDJ.sqlite
2017-10-05 13:20:14 [JavaFX Application Thread] DEBUG f.q.ebdj.moteur.utils.db.DBManager - Chemin correspondant à la base de données : /home/ngendron/git/ebdj-liseuse/module/ebdj-ihm/.
2017-10-05 13:20:14 [JavaFX Application Thread] DEBUG f.q.ebdj.moteur.utils.db.DBManager - Connexion  avec succès à la base de données jdbc:sqlite:/home/ngendron/git/ebdj-liseuse/module/ebdj-ihm/./db/QP1C-EBDJ.sqlite
2017-10-05 13:20:14 [JavaFX Application Thread] DEBUG f.q.e.m.s.i.SynchronisationJDServiceImpl - nbQuestionsTotal=315, nbQuestionsJouees=6
2017-10-05 13:20:14 [JavaFX Application Thread] DEBUG f.q.ebdj.moteur.utils.db.DBManager - Chemin correspondant à la base de données : /home/ngendron/git/ebdj-liseuse/module/ebdj-ihm/.
2017-10-05 13:20:14 [JavaFX Application Thread] DEBUG f.q.ebdj.moteur.utils.db.DBManager - Connexion  avec succès à la base de données jdbc:sqlite:/home/ngendron/git/ebdj-liseuse/module/ebdj-ihm/./db/QP1C-EBDJ.sqlite
2017-10-05 13:20:14 [JavaFX Application Thread] DEBUG f.q.ebdj.moteur.utils.db.DBManager - Chemin correspondant à la base de données : /home/ngendron/git/ebdj-liseuse/module/ebdj-ihm/.
2017-10-05 13:20:14 [JavaFX Application Thread] DEBUG f.q.ebdj.moteur.utils.db.DBManager - Connexion  avec succès à la base de données jdbc:sqlite:/home/ngendron/git/ebdj-liseuse/module/ebdj-ihm/./db/QP1C-EBDJ.sqlite
2017-10-05 13:20:14 [JavaFX Application Thread] INFO f.q.e.m.s.i.SynchronisationJDServiceImpl - [FIN ] calculerStatistique : nbQuestionsTotal=1244, nbQuestionsJouees=13
2017-10-05 13:20:14 [JavaFX Application Thread] INFO f.q.e.c.s.StatistiquesController - [FIN] Réactualisation du contenu du tableau stock synthese.
2017-10-05 13:20:14 [JavaFX Application Thread] INFO f.q.e.c.s.StatistiquesController - [DEBUT] Réactualisation du contenu du tableau stock des FAF.
2017-10-05 13:20:14 [JavaFX Application Thread] INFO f.q.e.m.s.i.SynchronisationJDServiceImpl - [DEBUT] calculerStatsCategorieFAF
2017-10-05 13:20:14 [JavaFX Application Thread] DEBUG f.q.ebdj.moteur.utils.db.DBManager - Chemin correspondant à la base de données : /home/ngendron/git/ebdj-liseuse/module/ebdj-ihm/.
2017-10-05 13:20:14 [JavaFX Application Thread] DEBUG f.q.ebdj.moteur.utils.db.DBManager - Connexion  avec succès à la base de données jdbc:sqlite:/home/ngendron/git/ebdj-liseuse/module/ebdj-ihm/./db/QP1C-EBDJ.sqlite
2017-10-05 13:20:14 [JavaFX Application Thread] DEBUG f.q.ebdj.moteur.utils.db.DBManager - Chemin correspondant à la base de données : /home/ngendron/git/ebdj-liseuse/module/ebdj-ihm/.
2017-10-05 13:20:14 [JavaFX Application Thread] DEBUG f.q.ebdj.moteur.utils.db.DBManager - Connexion  avec succès à la base de données jdbc:sqlite:/home/ngendron/git/ebdj-liseuse/module/ebdj-ihm/./db/QP1C-EBDJ.sqlite
2017-10-05 13:20:14 [JavaFX Application Thread] INFO f.q.e.m.s.i.SynchronisationJDServiceImpl - [FIN] calculerStatsCategorieFAF
2017-10-05 13:20:14 [JavaFX Application Thread] INFO f.q.e.c.s.StatistiquesController - [FIN] Réactualisation du contenu du tableau stock des FAF.
2017-10-05 13:20:14 [JavaFX Application Thread] INFO f.q.e.c.s.StatistiquesController - [FIN] Réactualisation des données.
2017-10-05 13:20:14 [JavaFX Application Thread] INFO f.q.e.c.s.StatistiquesController - [FIN] Initialisation du panneau stats.
2017-10-05 13:20:14 [JavaFX Application Thread] INFO f.q.e.c.p.ParametrageController - [DEBUT] Initialisation du panneau paramétrage.
2017-10-05 13:20:14 [JavaFX Application Thread] INFO f.q.e.c.p.ParametrageController - [FIN] Initialisation du panneau paramétrage.
2017-10-05 13:20:14 [JavaFX Application Thread] DEBUG fr.qp1c.ebdj.Launcher - Width: 1.0
2017-10-05 13:20:14 [JavaFX Application Thread] DEBUG fr.qp1c.ebdj.Launcher - Height: 1.0
2017-10-05 13:20:14 [JavaFX Application Thread] DEBUG fr.qp1c.ebdj.Launcher - Width: 1920.0
2017-10-05 13:20:14 [JavaFX Application Thread] DEBUG fr.qp1c.ebdj.Launcher - Height: 1056.0
2017-10-05 13:20:14 [JavaFX Application Thread] INFO fr.qp1c.ebdj.Launcher - [FIN] Start
2017-10-05 13:20:14 [JavaFX Application Thread] DEBUG fr.qp1c.ebdj.Launcher - Width: 1914.0
2017-10-05 13:20:14 [JavaFX Application Thread] DEBUG fr.qp1c.ebdj.Launcher - Height: 1052.0
2017-10-05 13:20:16 [JavaFX Application Thread] INFO f.q.e.c.home.HomeController - ### --> Clic sur "Stats"
2017-10-05 13:20:16 [JavaFX Application Thread] INFO fr.qp1c.ebdj.Launcher - [DEBUT] Affichage de l'écran de stats
2017-10-05 13:20:16 [JavaFX Application Thread] INFO f.q.e.c.s.StatistiquesController - [DEBUT] Réactualisation des données.
2017-10-05 13:20:16 [JavaFX Application Thread] INFO f.q.e.c.s.StatistiquesController - [DEBUT] Réactualisation du contenu du tableau stock synthese.
2017-10-05 13:20:16 [JavaFX Application Thread] INFO f.q.e.m.s.i.SynchronisationJDServiceImpl - [DEBUT] calculerStatistique
2017-10-05 13:20:16 [JavaFX Application Thread] DEBUG f.q.ebdj.moteur.utils.db.DBManager - Chemin correspondant à la base de données : /home/ngendron/git/ebdj-liseuse/module/ebdj-ihm/.
2017-10-05 13:20:16 [JavaFX Application Thread] DEBUG f.q.ebdj.moteur.utils.db.DBManager - Connexion  avec succès à la base de données jdbc:sqlite:/home/ngendron/git/ebdj-liseuse/module/ebdj-ihm/./db/QP1C-EBDJ.sqlite
2017-10-05 13:20:17 [JavaFX Application Thread] DEBUG f.q.ebdj.moteur.utils.db.DBManager - Chemin correspondant à la base de données : /home/ngendron/git/ebdj-liseuse/module/ebdj-ihm/.
2017-10-05 13:20:17 [JavaFX Application Thread] DEBUG f.q.ebdj.moteur.utils.db.DBManager - Connexion  avec succès à la base de données jdbc:sqlite:/home/ngendron/git/ebdj-liseuse/module/ebdj-ihm/./db/QP1C-EBDJ.sqlite
2017-10-05 13:20:17 [JavaFX Application Thread] DEBUG f.q.e.m.s.i.SynchronisationJDServiceImpl - nbQuestionsTotal=2909, nbQuestionsJouees=16
2017-10-05 13:20:17 [JavaFX Application Thread] DEBUG f.q.ebdj.moteur.utils.db.DBManager - Chemin correspondant à la base de données : /home/ngendron/git/ebdj-liseuse/module/ebdj-ihm/.
2017-10-05 13:20:17 [JavaFX Application Thread] DEBUG f.q.ebdj.moteur.utils.db.DBManager - Connexion  avec succès à la base de données jdbc:sqlite:/home/ngendron/git/ebdj-liseuse/module/ebdj-ihm/./db/QP1C-EBDJ.sqlite
2017-10-05 13:20:17 [JavaFX Application Thread] DEBUG f.q.ebdj.moteur.utils.db.DBManager - Chemin correspondant à la base de données : /home/ngendron/git/ebdj-liseuse/module/ebdj-ihm/.
2017-10-05 13:20:17 [JavaFX Application Thread] DEBUG f.q.ebdj.moteur.utils.db.DBManager - Connexion  avec succès à la base de données jdbc:sqlite:/home/ngendron/git/ebdj-liseuse/module/ebdj-ihm/./db/QP1C-EBDJ.sqlite
2017-10-05 13:20:17 [JavaFX Application Thread] DEBUG f.q.e.m.s.i.SynchronisationJDServiceImpl - nbQuestionsTotal=3134, nbQuestionsJouees=5
2017-10-05 13:20:17 [JavaFX Application Thread] DEBUG f.q.ebdj.moteur.utils.db.DBManager - Chemin correspondant à la base de données : /home/ngendron/git/ebdj-liseuse/module/ebdj-ihm/.
2017-10-05 13:20:17 [JavaFX Application Thread] DEBUG f.q.ebdj.moteur.utils.db.DBManager - Connexion  avec succès à la base de données jdbc:sqlite:/home/ngendron/git/ebdj-liseuse/module/ebdj-ihm/./db/QP1C-EBDJ.sqlite
2017-10-05 13:20:17 [JavaFX Application Thread] DEBUG f.q.ebdj.moteur.utils.db.DBManager - Chemin correspondant à la base de données : /home/ngendron/git/ebdj-liseuse/module/ebdj-ihm/.
2017-10-05 13:20:17 [JavaFX Application Thread] DEBUG f.q.ebdj.moteur.utils.db.DBManager - Connexion  avec succès à la base de données jdbc:sqlite:/home/ngendron/git/ebdj-liseuse/module/ebdj-ihm/./db/QP1C-EBDJ.sqlite
2017-10-05 13:20:17 [JavaFX Application Thread] DEBUG f.q.e.m.s.i.SynchronisationJDServiceImpl - nbQuestionsTotal=2469, nbQuestionsJouees=2
2017-10-05 13:20:17 [JavaFX Application Thread] DEBUG f.q.ebdj.moteur.utils.db.DBManager - Chemin correspondant à la base de données : /home/ngendron/git/ebdj-liseuse/module/ebdj-ihm/.
2017-10-05 13:20:17 [JavaFX Application Thread] DEBUG f.q.ebdj.moteur.utils.db.DBManager - Connexion  avec succès à la base de données jdbc:sqlite:/home/ngendron/git/ebdj-liseuse/module/ebdj-ihm/./db/QP1C-EBDJ.sqlite
2017-10-05 13:20:17 [JavaFX Application Thread] DEBUG f.q.ebdj.moteur.utils.db.DBManager - Chemin correspondant à la base de données : /home/ngendron/git/ebdj-liseuse/module/ebdj-ihm/.
2017-10-05 13:20:17 [JavaFX Application Thread] DEBUG f.q.ebdj.moteur.utils.db.DBManager - Connexion  avec succès à la base de données jdbc:sqlite:/home/ngendron/git/ebdj-liseuse/module/ebdj-ihm/./db/QP1C-EBDJ.sqlite
2017-10-05 13:20:17 [JavaFX Application Thread] DEBUG f.q.e.m.s.i.SynchronisationJDServiceImpl - nbQuestionsTotal=0, nbQuestionsJouees=0
2017-10-05 13:20:17 [JavaFX Application Thread] DEBUG f.q.ebdj.moteur.utils.db.DBManager - Chemin correspondant à la base de données : /home/ngendron/git/ebdj-liseuse/module/ebdj-ihm/.
2017-10-05 13:20:17 [JavaFX Application Thread] DEBUG f.q.ebdj.moteur.utils.db.DBManager - Connexion  avec succès à la base de données jdbc:sqlite:/home/ngendron/git/ebdj-liseuse/module/ebdj-ihm/./db/QP1C-EBDJ.sqlite
2017-10-05 13:20:17 [JavaFX Application Thread] DEBUG f.q.ebdj.moteur.utils.db.DBManager - Chemin correspondant à la base de données : /home/ngendron/git/ebdj-liseuse/module/ebdj-ihm/.
2017-10-05 13:20:17 [JavaFX Application Thread] DEBUG f.q.ebdj.moteur.utils.db.DBManager - Connexion  avec succès à la base de données jdbc:sqlite:/home/ngendron/git/ebdj-liseuse/module/ebdj-ihm/./db/QP1C-EBDJ.sqlite
2017-10-05 13:20:17 [JavaFX Application Thread] DEBUG f.q.e.m.s.i.SynchronisationJDServiceImpl - nbQuestionsTotal=315, nbQuestionsJouees=6
2017-10-05 13:20:17 [JavaFX Application Thread] DEBUG f.q.ebdj.moteur.utils.db.DBManager - Chemin correspondant à la base de données : /home/ngendron/git/ebdj-liseuse/module/ebdj-ihm/.
2017-10-05 13:20:17 [JavaFX Application Thread] DEBUG f.q.ebdj.moteur.utils.db.DBManager - Connexion  avec succès à la base de données jdbc:sqlite:/home/ngendron/git/ebdj-liseuse/module/ebdj-ihm/./db/QP1C-EBDJ.sqlite
2017-10-05 13:20:17 [JavaFX Application Thread] DEBUG f.q.ebdj.moteur.utils.db.DBManager - Chemin correspondant à la base de données : /home/ngendron/git/ebdj-liseuse/module/ebdj-ihm/.
2017-10-05 13:20:17 [JavaFX Application Thread] DEBUG f.q.ebdj.moteur.utils.db.DBManager - Connexion  avec succès à la base de données jdbc:sqlite:/home/ngendron/git/ebdj-liseuse/module/ebdj-ihm/./db/QP1C-EBDJ.sqlite
2017-10-05 13:20:17 [JavaFX Application Thread] INFO f.q.e.m.s.i.SynchronisationJDServiceImpl - [FIN ] calculerStatistique : nbQuestionsTotal=1244, nbQuestionsJouees=13
2017-10-05 13:20:17 [JavaFX Application Thread] INFO f.q.e.c.s.StatistiquesController - [FIN] Réactualisation du contenu du tableau stock synthese.
2017-10-05 13:20:17 [JavaFX Application Thread] INFO f.q.e.c.s.StatistiquesController - [DEBUT] Réactualisation du contenu du tableau stock des FAF.
2017-10-05 13:20:17 [JavaFX Application Thread] INFO f.q.e.m.s.i.SynchronisationJDServiceImpl - [DEBUT] calculerStatsCategorieFAF
2017-10-05 13:20:17 [JavaFX Application Thread] DEBUG f.q.ebdj.moteur.utils.db.DBManager - Chemin correspondant à la base de données : /home/ngendron/git/ebdj-liseuse/module/ebdj-ihm/.
2017-10-05 13:20:17 [JavaFX Application Thread] DEBUG f.q.ebdj.moteur.utils.db.DBManager - Connexion  avec succès à la base de données jdbc:sqlite:/home/ngendron/git/ebdj-liseuse/module/ebdj-ihm/./db/QP1C-EBDJ.sqlite
2017-10-05 13:20:17 [JavaFX Application Thread] DEBUG f.q.ebdj.moteur.utils.db.DBManager - Chemin correspondant à la base de données : /home/ngendron/git/ebdj-liseuse/module/ebdj-ihm/.
2017-10-05 13:20:17 [JavaFX Application Thread] DEBUG f.q.ebdj.moteur.utils.db.DBManager - Connexion  avec succès à la base de données jdbc:sqlite:/home/ngendron/git/ebdj-liseuse/module/ebdj-ihm/./db/QP1C-EBDJ.sqlite
2017-10-05 13:20:17 [JavaFX Application Thread] INFO f.q.e.m.s.i.SynchronisationJDServiceImpl - [FIN] calculerStatsCategorieFAF
2017-10-05 13:20:17 [JavaFX Application Thread] INFO f.q.e.c.s.StatistiquesController - [FIN] Réactualisation du contenu du tableau stock des FAF.
2017-10-05 13:20:17 [JavaFX Application Thread] INFO f.q.e.c.s.StatistiquesController - [FIN] Réactualisation des données.
2017-10-05 13:20:17 [JavaFX Application Thread] DEBUG fr.qp1c.ebdj.Launcher - Taille de l'écran original : largeurEcran=1914.0, hauteurEcran=1052.0
2017-10-05 13:20:17 [JavaFX Application Thread] INFO fr.qp1c.ebdj.Launcher - [FIN] Affichage de l'écran de stats.
2017-10-05 13:20:26 [JavaFX Application Thread] INFO f.q.e.c.s.StatistiquesController - ### --> Clic sur "Ecran HOME".
2017-10-05 13:20:26 [JavaFX Application Thread] INFO fr.qp1c.ebdj.Launcher - [DEBUT] Affichage de l'écran accueil
2017-10-05 13:20:26 [JavaFX Application Thread] DEBUG fr.qp1c.ebdj.Launcher - Taille de l'écran original : largeurEcran=1908.0, hauteurEcran=1024.0
2017-10-05 13:20:26 [JavaFX Application Thread] DEBUG fr.qp1c.ebdj.Launcher - Width: 1908.0
2017-10-05 13:20:26 [JavaFX Application Thread] DEBUG fr.qp1c.ebdj.Launcher - Height: 1024.0
2017-10-05 13:20:26 [JavaFX Application Thread] INFO fr.qp1c.ebdj.Launcher - [FIN] Affichage de l'écran accueil.
2017-10-05 13:20:26 [JavaFX Application Thread] DEBUG fr.qp1c.ebdj.Launcher - Width: 1902.0
2017-10-05 13:20:26 [JavaFX Application Thread] DEBUG fr.qp1c.ebdj.Launcher - Height: 996.0
2017-10-05 13:20:28 [main] INFO fr.qp1c.ebdj.Launcher - [FIN] Arrêt de l'application E-BDJ.
